<?xml version="1.0" encoding="UTF-8"?>
<!-- Generated by org.testng.reporters.JUnitReportReporter -->
<testsuite hostname="PAVAN09FA" failures="0" tests="1" name="testCases.TC_002_Login" time="2.519" errors="0" timestamp="2022-06-30T07:59:32 IST" skipped="0">
  <testcase classname="testCases.TC_002_Login" name="test_login" time="2.519"/>
  <system-out/>
</testsuite> <!-- testCases.TC_002_Login -->
