<?xml version="1.0" encoding="UTF-8"?>
<!-- Generated by org.testng.reporters.JUnitReportReporter -->
<testsuite hostname="PAVAN09FA" failures="0" tests="1" name="testCases.TC_001_AccountRegistration" time="5.175" errors="0" timestamp="2022-06-30T07:59:32 IST" skipped="0">
  <testcase classname="testCases.TC_001_AccountRegistration" name="test_account_registration" time="5.175"/>
  <system-out/>
</testsuite> <!-- testCases.TC_001_AccountRegistration -->
